= Host-specific information ====================================================
$> hostname; uname -msr
e2r9p13.42.fr
Darwin 15.3.0 x86_64
$> date
Mon Feb  8 12:38:40 CET 2016
$> gcc --version
Configured with: --prefix=/Applications/Xcode.app/Contents/Developer/usr --with-gxx-include-dir=/usr/include/c++/4.2.1
Apple LLVM version 7.0.2 (clang-700.1.81)
Target: x86_64-apple-darwin15.3.0
Thread model: posix
$> clang --version
Apple LLVM version 7.0.2 (clang-700.1.81)
Target: x86_64-apple-darwin15.3.0
Thread model: posix

= User files collection ========================================================
Collecting user files from Vogsphere
Repository URL: auto-exam/2016/c-exam-beginner/practice-exam_20160208/qdiaz

= Git history ==================================================================
$> git -C /var/folders/6v/nvn3jxzj7cz53drpcgcb3klh0000gq/T/tmpiv___q/user log --pretty='%H - %an, %ad : %s'
4447a68c35a30d21d2340347b9b68e98f9a70799 - Quentin DIAZ, Mon Feb 8 12:38:17 2016 +0100 : hidenp
 
= Collected files ==========================================
$> ls -lAR /var/folders/6v/nvn3jxzj7cz53drpcgcb3klh0000gq/T/tmpiv___q/user
total 8
-rw-r--r--  1 deepthought  deepthought  254 Feb  8 12:38 __GIT_HISTORY
drwxr-xr-x  3 deepthought  deepthought  102 Feb  8 12:38 hidenp

/var/folders/6v/nvn3jxzj7cz53drpcgcb3klh0000gq/T/tmpiv___q/user/hidenp:
total 8
-rw-r--r--  1 deepthought  deepthought  1340 Feb  8 12:38 hidenp.c
 
= hidenp =======================================================================
$> clang -Wextra -Wall -Werror hidenp.c -o user_exe 

= Test 1 ===================================================
$> ./13t7kk4aktye12k3o64ipi3j 
$> diff -U 3 user_output_test1 test1.output | cat -e

Diff OK :D
= Test 2 ===================================================
$> ./5t1d0oeqfgvef64qvpu7j31i "salut a tous tout le monde"
$> diff -U 3 user_output_test2 test2.output | cat -e

Diff OK :D
= Test 3 ===================================================
$> ./jt296g0h63p2l3dzme4wk1to "salut" "a" "tous" "tout" "le" "monde"
$> diff -U 3 user_output_test3 test3.output | cat -e

Diff OK :D
= Test 4 ===================================================
$> ./a0zcetwkoigjkfqjr6uzj6z9 "llo" "helllo"
$> diff -U 3 user_output_test4 test4.output | cat -e

Diff OK :D
= Test 5 ===================================================
$> ./hkqkp8lpimbclnh5oy16ykk8 "xNc8I" "9xHkN6cX8I"
$> diff -U 3 user_output_test5 test5.output | cat -e

Diff OK :D
= Test 6 ===================================================
$> ./gpqh5rwy3nyirix1k9e7kkbg "dCLF" "Rd95CbLWF"
$> diff -U 3 user_output_test6 test6.output | cat -e

Diff OK :D
= Test 7 ===================================================
$> ./ortjbkiup3vcyqjrmjxec8bf "DWz4vK7orM" "sNdlex3CXbqA"
$> diff -U 3 user_output_test7 test7.output | cat -e

Diff OK :D
= Test 8 ===================================================
$> ./5wc6gx7zvnpltxpx7nlhbdry "NpA" "NEpAV"
$> diff -U 3 user_output_test8 test8.output | cat -e

Diff OK :D
= Test 9 ===================================================
$> ./29qe8ykr7iig477wioy8mwko "7km3Au8Q5XWD1Td" "BwpshqeAof8r3cVF"
$> diff -U 3 user_output_test9 test9.output | cat -e

Diff OK :D
= Test 10 ==================================================
$> ./sdzvozxi93dmbdxc794ki9wg "g6PI0FXSTDv5JZGY" "9lgPTzU8f"
$> diff -U 3 user_output_test10 test10.output | cat -e

Diff OK :D
= Test 11 ==================================================
$> ./585ja61h3tfe3hltos12h0f0 "Hde28xjmT" "Hde28rtxh0jmBT9"
$> diff -U 3 user_output_test11 test11.output | cat -e

Diff OK :D
= Test 12 ==================================================
$> ./xckotrurvx4hqovy8k2s3yjv "F2rOvg94KNUiAc" "CG3mJBqeYrpbc4I"
$> diff -U 3 user_output_test12 test12.output | cat -e

Diff OK :D
= Test 13 ==================================================
$> ./mx6h82w1aeoapf1imojwe3cp "xl3bIc1nk6M" "wxFP"
$> diff -U 3 user_output_test13 test13.output | cat -e

Diff OK :D
= Test 14 ==================================================
$> ./3udyrdljkcaa8obs4c7nrnui "6OG1Iopk87hs0YK" "gB43EG"
$> diff -U 3 user_output_test14 test14.output | cat -e

Diff OK :D
= Test 15 ==================================================
$> ./ynij94sehsv29r894ir0yp3t "vgxML7" "IzAyYXBG0Lbi"
$> diff -U 3 user_output_test15 test15.output | cat -e

Diff OK :D
= Test 16 ==================================================
$> ./cgl0h25mox9ombxmqwpydrfl "ZsY" "92g"
$> diff -U 3 user_output_test16 test16.output | cat -e

Diff OK :D
= Test 17 ==================================================
$> ./gn8rhbzada0f7p9m2ogipu30 "vi1eKNFGVZt03gWs" "M7SDAX"
$> diff -U 3 user_output_test17 test17.output | cat -e

Diff OK :D
= Test 18 ==================================================
$> ./810tw0vtxc2xu88z11ruf160 "tG92OJ3RFcKznIi" "b6QP7F"
$> diff -U 3 user_output_test18 test18.output | cat -e

Diff OK :D
= Test 19 ==================================================
$> ./zqm4g2ytfwtrzz3imej6kzhg "Jh8" "JPVh8y"
$> diff -U 3 user_output_test19 test19.output | cat -e

Diff OK :D
= Test 20 ==================================================
$> ./pbxblakw3rlc7h78ongjdmfj "KSCRID9By" "dAuiW"
$> diff -U 3 user_output_test20 test20.output | cat -e

Diff OK :D
Grade: 1

= Final grade: 1 ===============================================================
