= Host-specific information ====================================================
$> hostname; uname -msr
e1r4p20.42.fr
Darwin 15.3.0 x86_64
$> date
Mon Feb  8 13:34:37 CET 2016
$> gcc --version
Configured with: --prefix=/Applications/Xcode.app/Contents/Developer/usr --with-gxx-include-dir=/usr/include/c++/4.2.1
Apple LLVM version 7.0.2 (clang-700.1.81)
Target: x86_64-apple-darwin15.3.0
Thread model: posix
$> clang --version
Apple LLVM version 7.0.2 (clang-700.1.81)
Target: x86_64-apple-darwin15.3.0
Thread model: posix

= User files collection ========================================================
Collecting user files from Vogsphere
Repository URL: auto-exam/2016/c-exam-beginner/practice-exam_20160208/qdiaz

= Git history ==================================================================
$> git -C /var/folders/ws/6wxllmbs3nl5qk1lt9dqglw80000gq/T/tmpxoLnMT/user log --pretty='%H - %an, %ad : %s'
7037a6eedbfce5d9e5a2a2c76d5af73b74b44eb5 - Quentin DIAZ, Mon Feb 8 13:34:07 2016 +0100 : sort_int_tab
7163cda619d175128740374b86fb493a88b059c1 - Quentin DIAZ, Mon Feb 8 13:15:40 2016 +0100 : sort_list
4447a68c35a30d21d2340347b9b68e98f9a70799 - Quentin DIAZ, Mon Feb 8 12:38:17 2016 +0100 : hidenp
 
= Collected files ==========================================
$> ls -lAR /var/folders/ws/6wxllmbs3nl5qk1lt9dqglw80000gq/T/tmpxoLnMT/user
total 8
-rw-r--r--  1 deepthought  deepthought  818 Feb  8 13:34 __GIT_HISTORY
drwxr-xr-x  3 deepthought  deepthought  102 Feb  8 13:34 hidenp
drwxr-xr-x  3 deepthought  deepthought  102 Feb  8 13:34 sort_int_tab
drwxr-xr-x  4 deepthought  deepthought  136 Feb  8 13:34 sort_list

/var/folders/ws/6wxllmbs3nl5qk1lt9dqglw80000gq/T/tmpxoLnMT/user/hidenp:
total 8
-rw-r--r--  1 deepthought  deepthought  1340 Feb  8 13:34 hidenp.c

/var/folders/ws/6wxllmbs3nl5qk1lt9dqglw80000gq/T/tmpxoLnMT/user/sort_int_tab:
total 8
-rw-r--r--  1 deepthought  deepthought  1439 Feb  8 13:34 sort_int_tab.c

/var/folders/ws/6wxllmbs3nl5qk1lt9dqglw80000gq/T/tmpxoLnMT/user/sort_list:
total 16
-rw-r--r--  1 deepthought  deepthought   969 Feb  8 13:34 list.h
-rw-r--r--  1 deepthought  deepthought  2038 Feb  8 13:34 sort_list.c
 
= sort_int_tab =================================================================
$> clang -Wextra -Wall -Werror main.c sort_int_tab.c -o user_exe 

= Test 1 ===================================================
$> ./yvxxqm6a9o6h2rzar2x0guvg
Command './yvxxqm6a9o6h2rzar2x0guvg' got killed by a SIGABORT (Signal -6)
Grade: 0

= Final grade: 0 ===============================================================
